<?xml version="1.0" encoding="UTF-8"?>
<testng-results skipped="0" failed="0" ignored="0" total="1" passed="1">
  <reporter-output>
  </reporter-output>
  <suite name="Suite" duration-ms="26429" started-at="2022-11-28T04:26:56Z" finished-at="2022-11-28T04:27:23Z">
    <groups>
    </groups>
    <test name="Test" duration-ms="26429" started-at="2022-11-28T04:26:56Z" finished-at="2022-11-28T04:27:23Z">
      <class name="testCases.eBay.addToCat">
        <test-method status="PASS" signature="addToCart()[pri:0, instance:testCases.eBay.addToCat@2cb4c3ab]" name="addToCart" duration-ms="26387" started-at="2022-11-28T04:26:56Z" finished-at="2022-11-28T04:27:23Z">
          <reporter-output>
          </reporter-output>
        </test-method> <!-- addToCart -->
      </class> <!-- testCases.eBay.addToCat -->
    </test> <!-- Test -->
  </suite> <!-- Suite -->
</testng-results>
